{"/Users/734462/Desktop/Hustle/techAssessment/src/constants/actionConstants.js": {"path":"/Users/734462/Desktop/Hustle/techAssessment/src/constants/actionConstants.js","statementMap":{"0":{"start":{"line":5,"column":31},"end":{"line":5,"column":48}},"1":{"start":{"line":6,"column":33},"end":{"line":6,"column":52}}},"fnMap":{},"branchMap":{},"s":{"0":1,"1":1},"f":{},"b":{},"_coverageSchema":"1a1c01bbd47fc00a2c39e90264f33305004495a9","hash":"0c8ed5fb912f05d2da8fa98b14c05ed3a07f4ac4"}
,"/Users/734462/Desktop/Hustle/techAssessment/src/constants/colorConstants.js": {"path":"/Users/734462/Desktop/Hustle/techAssessment/src/constants/colorConstants.js","statementMap":{"0":{"start":{"line":6,"column":37},"end":{"line":6,"column":43}},"1":{"start":{"line":7,"column":19},"end":{"line":7,"column":24}},"2":{"start":{"line":8,"column":22},"end":{"line":8,"column":31}},"3":{"start":{"line":9,"column":36},"end":{"line":9,"column":45}},"4":{"start":{"line":10,"column":24},"end":{"line":10,"column":33}},"5":{"start":{"line":11,"column":28},"end":{"line":11,"column":37}},"6":{"start":{"line":12,"column":28},"end":{"line":12,"column":37}},"7":{"start":{"line":13,"column":21},"end":{"line":13,"column":30}},"8":{"start":{"line":14,"column":25},"end":{"line":14,"column":51}},"9":{"start":{"line":15,"column":33},"end":{"line":15,"column":42}},"10":{"start":{"line":16,"column":37},"end":{"line":16,"column":46}}},"fnMap":{},"branchMap":{},"s":{"0":7,"1":7,"2":7,"3":7,"4":7,"5":7,"6":7,"7":7,"8":7,"9":7,"10":7},"f":{},"b":{},"_coverageSchema":"1a1c01bbd47fc00a2c39e90264f33305004495a9","hash":"9a3da68ae8218a5c40703ef4cca24b65cc192a35"}
,"/Users/734462/Desktop/Hustle/techAssessment/src/customComponent/GButtonComponent.js": {"path":"/Users/734462/Desktop/Hustle/techAssessment/src/customComponent/GButtonComponent.js","statementMap":{"0":{"start":{"line":17,"column":24},"end":{"line":23,"column":1}},"1":{"start":{"line":18,"column":2},"end":{"line":22,"column":9}},"2":{"start":{"line":25,"column":15},"end":{"line":42,"column":2}}},"fnMap":{"0":{"name":"(anonymous_0)","decl":{"start":{"line":17,"column":24},"end":{"line":17,"column":25}},"loc":{"start":{"line":18,"column":2},"end":{"line":22,"column":9}},"line":18}},"branchMap":{},"s":{"0":7,"1":8,"2":7},"f":{"0":8},"b":{},"_coverageSchema":"1a1c01bbd47fc00a2c39e90264f33305004495a9","hash":"8ed62e94dc06c34459aaf30f65fa2232d1b8ff0a"}
,"/Users/734462/Desktop/Hustle/techAssessment/src/customComponent/GNavigationButtonComponent.js": {"path":"/Users/734462/Desktop/Hustle/techAssessment/src/customComponent/GNavigationButtonComponent.js","statementMap":{"0":{"start":{"line":22,"column":34},"end":{"line":31,"column":1}},"1":{"start":{"line":23,"column":2},"end":{"line":30,"column":9}},"2":{"start":{"line":25,"column":21},"end":{"line":25,"column":73}},"3":{"start":{"line":33,"column":15},"end":{"line":49,"column":2}}},"fnMap":{"0":{"name":"(anonymous_0)","decl":{"start":{"line":22,"column":34},"end":{"line":22,"column":35}},"loc":{"start":{"line":23,"column":2},"end":{"line":30,"column":9}},"line":23},"1":{"name":"(anonymous_1)","decl":{"start":{"line":25,"column":15},"end":{"line":25,"column":16}},"loc":{"start":{"line":25,"column":21},"end":{"line":25,"column":73}},"line":25}},"branchMap":{},"s":{"0":7,"1":13,"2":1,"3":7},"f":{"0":13,"1":1},"b":{},"_coverageSchema":"1a1c01bbd47fc00a2c39e90264f33305004495a9","hash":"305ce642562cc36c3170906a3c4dd4b4c277b47a"}
,"/Users/734462/Desktop/Hustle/techAssessment/src/customComponent/GSlidingButtonComponent.js": {"path":"/Users/734462/Desktop/Hustle/techAssessment/src/customComponent/GSlidingButtonComponent.js","statementMap":{"0":{"start":{"line":25,"column":16},"end":{"line":25,"column":46}},"1":{"start":{"line":27,"column":20},"end":{"line":27,"column":21}},"2":{"start":{"line":29,"column":18},"end":{"line":29,"column":39}},"3":{"start":{"line":31,"column":13},"end":{"line":31,"column":35}},"4":{"start":{"line":33,"column":17},"end":{"line":75,"column":4}},"5":{"start":{"line":34,"column":39},"end":{"line":34,"column":43}},"6":{"start":{"line":35,"column":31},"end":{"line":35,"column":35}},"7":{"start":{"line":37,"column":24},"end":{"line":37,"column":61}},"8":{"start":{"line":38,"column":6},"end":{"line":58,"column":7}},"9":{"start":{"line":39,"column":8},"end":{"line":43,"column":19}},"10":{"start":{"line":44,"column":13},"end":{"line":58,"column":7}},"11":{"start":{"line":45,"column":8},"end":{"line":49,"column":19}},"12":{"start":{"line":50,"column":30},"end":{"line":50,"column":40}},"13":{"start":{"line":51,"column":8},"end":{"line":51,"column":20}},"14":{"start":{"line":53,"column":8},"end":{"line":57,"column":19}},"15":{"start":{"line":59,"column":29},"end":{"line":59,"column":76}},"16":{"start":{"line":60,"column":6},"end":{"line":60,"column":49}},"17":{"start":{"line":63,"column":24},"end":{"line":63,"column":61}},"18":{"start":{"line":64,"column":6},"end":{"line":70,"column":7}},"19":{"start":{"line":65,"column":8},"end":{"line":69,"column":19}},"20":{"start":{"line":71,"column":29},"end":{"line":71,"column":76}},"21":{"start":{"line":72,"column":6},"end":{"line":72,"column":49}},"22":{"start":{"line":73,"column":6},"end":{"line":73,"column":41}},"23":{"start":{"line":78,"column":4},"end":{"line":78,"column":17}},"24":{"start":{"line":79,"column":4},"end":{"line":81,"column":6}},"25":{"start":{"line":85,"column":24},"end":{"line":85,"column":34}},"26":{"start":{"line":86,"column":28},"end":{"line":86,"column":45}},"27":{"start":{"line":88,"column":4},"end":{"line":114,"column":6}},"28":{"start":{"line":118,"column":15},"end":{"line":162,"column":2}}},"fnMap":{"0":{"name":"(anonymous_0)","decl":{"start":{"line":34,"column":33},"end":{"line":34,"column":34}},"loc":{"start":{"line":34,"column":39},"end":{"line":34,"column":43}},"line":34},"1":{"name":"(anonymous_1)","decl":{"start":{"line":35,"column":25},"end":{"line":35,"column":26}},"loc":{"start":{"line":35,"column":31},"end":{"line":35,"column":35}},"line":35},"2":{"name":"(anonymous_2)","decl":{"start":{"line":36,"column":24},"end":{"line":36,"column":25}},"loc":{"start":{"line":36,"column":44},"end":{"line":61,"column":5}},"line":36},"3":{"name":"(anonymous_3)","decl":{"start":{"line":62,"column":27},"end":{"line":62,"column":28}},"loc":{"start":{"line":62,"column":47},"end":{"line":74,"column":5}},"line":62},"4":{"name":"(anonymous_4)","decl":{"start":{"line":77,"column":2},"end":{"line":77,"column":3}},"loc":{"start":{"line":77,"column":28},"end":{"line":82,"column":3}},"line":77},"5":{"name":"(anonymous_5)","decl":{"start":{"line":84,"column":2},"end":{"line":84,"column":3}},"loc":{"start":{"line":84,"column":23},"end":{"line":115,"column":3}},"line":84}},"branchMap":{"0":{"loc":{"start":{"line":38,"column":6},"end":{"line":58,"column":7}},"type":"if","locations":[{"start":{"line":38,"column":6},"end":{"line":58,"column":7}},{"start":{"line":38,"column":6},"end":{"line":58,"column":7}}],"line":38},"1":{"loc":{"start":{"line":44,"column":13},"end":{"line":58,"column":7}},"type":"if","locations":[{"start":{"line":44,"column":13},"end":{"line":58,"column":7}},{"start":{"line":44,"column":13},"end":{"line":58,"column":7}}],"line":44},"2":{"loc":{"start":{"line":59,"column":29},"end":{"line":59,"column":76}},"type":"cond-expr","locations":[{"start":{"line":59,"column":63},"end":{"line":59,"column":64}},{"start":{"line":59,"column":67},"end":{"line":59,"column":76}}],"line":59},"3":{"loc":{"start":{"line":64,"column":6},"end":{"line":70,"column":7}},"type":"if","locations":[{"start":{"line":64,"column":6},"end":{"line":70,"column":7}},{"start":{"line":64,"column":6},"end":{"line":70,"column":7}}],"line":64},"4":{"loc":{"start":{"line":71,"column":29},"end":{"line":71,"column":76}},"type":"cond-expr","locations":[{"start":{"line":71,"column":63},"end":{"line":71,"column":64}},{"start":{"line":71,"column":67},"end":{"line":71,"column":76}}],"line":71},"5":{"loc":{"start":{"line":102,"column":16},"end":{"line":104,"column":51}},"type":"cond-expr","locations":[{"start":{"line":103,"column":20},"end":{"line":103,"column":25}},{"start":{"line":104,"column":20},"end":{"line":104,"column":51}}],"line":102}},"s":{"0":4,"1":4,"2":4,"3":4,"4":4,"5":0,"6":0,"7":0,"8":0,"9":0,"10":0,"11":0,"12":0,"13":0,"14":0,"15":0,"16":0,"17":0,"18":0,"19":0,"20":0,"21":0,"22":0,"23":4,"24":4,"25":4,"26":4,"27":4,"28":7},"f":{"0":0,"1":0,"2":0,"3":0,"4":4,"5":4},"b":{"0":[0,0],"1":[0,0],"2":[0,0],"3":[0,0],"4":[0,0],"5":[4,0]},"_coverageSchema":"1a1c01bbd47fc00a2c39e90264f33305004495a9","hash":"b8e75615bce62fec89e4e2fb58e9d23e4d73988d"}
,"/Users/734462/Desktop/Hustle/techAssessment/src/customComponent/GValidatorComponent.js": {"path":"/Users/734462/Desktop/Hustle/techAssessment/src/customComponent/GValidatorComponent.js","statementMap":{"0":{"start":{"line":19,"column":27},"end":{"line":30,"column":1}},"1":{"start":{"line":20,"column":2},"end":{"line":29,"column":9}},"2":{"start":{"line":32,"column":15},"end":{"line":40,"column":2}}},"fnMap":{"0":{"name":"(anonymous_0)","decl":{"start":{"line":19,"column":27},"end":{"line":19,"column":28}},"loc":{"start":{"line":20,"column":2},"end":{"line":29,"column":9}},"line":20}},"branchMap":{},"s":{"0":7,"1":3,"2":7},"f":{"0":3},"b":{},"_coverageSchema":"1a1c01bbd47fc00a2c39e90264f33305004495a9","hash":"2a19ee0cb7ef4c5be2e84165dc9ec25cc6f6a834"}
,"/Users/734462/Desktop/Hustle/techAssessment/src/customComponent/index.js": {"path":"/Users/734462/Desktop/Hustle/techAssessment/src/customComponent/index.js","statementMap":{},"fnMap":{},"branchMap":{},"s":{},"f":{},"b":{},"_coverageSchema":"1a1c01bbd47fc00a2c39e90264f33305004495a9","hash":"5c9e64603d67159ab81f7c6f4c3f8b1392bf6d53"}
,"/Users/734462/Desktop/Hustle/techAssessment/src/screens/MiddleStation/middleStationComponent.js": {"path":"/Users/734462/Desktop/Hustle/techAssessment/src/screens/MiddleStation/middleStationComponent.js","statementMap":{"0":{"start":{"line":14,"column":22},"end":{"line":36,"column":1}},"1":{"start":{"line":15,"column":16},"end":{"line":15,"column":61}},"2":{"start":{"line":15,"column":39},"end":{"line":15,"column":60}},"3":{"start":{"line":16,"column":2},"end":{"line":35,"column":4}}},"fnMap":{"0":{"name":"(anonymous_0)","decl":{"start":{"line":14,"column":22},"end":{"line":14,"column":23}},"loc":{"start":{"line":14,"column":53},"end":{"line":36,"column":1}},"line":14},"1":{"name":"(anonymous_1)","decl":{"start":{"line":15,"column":28},"end":{"line":15,"column":29}},"loc":{"start":{"line":15,"column":39},"end":{"line":15,"column":60}},"line":15}},"branchMap":{},"s":{"0":1,"1":1,"2":2,"3":1},"f":{"0":1,"1":2},"b":{},"_coverageSchema":"1a1c01bbd47fc00a2c39e90264f33305004495a9","hash":"548d692598f22d77326d252b6cdc2d12871ec514"}
,"/Users/734462/Desktop/Hustle/techAssessment/src/screens/MiddleStation/styles.js": {"path":"/Users/734462/Desktop/Hustle/techAssessment/src/screens/MiddleStation/styles.js","statementMap":{"0":{"start":{"line":4,"column":22},"end":{"line":30,"column":2}}},"fnMap":{},"branchMap":{},"s":{"0":1},"f":{},"b":{},"_coverageSchema":"1a1c01bbd47fc00a2c39e90264f33305004495a9","hash":"217d6aeb5e3613190254ff664703db2849c0a3d1"}
,"/Users/734462/Desktop/Hustle/techAssessment/src/screens/ShowCase/showCaseComponent.js": {"path":"/Users/734462/Desktop/Hustle/techAssessment/src/screens/ShowCase/showCaseComponent.js","statementMap":{"0":{"start":{"line":17,"column":20},"end":{"line":20,"column":1}},"1":{"start":{"line":21,"column":20},"end":{"line":25,"column":1}},"2":{"start":{"line":28,"column":17},"end":{"line":66,"column":1}},"3":{"start":{"line":29,"column":16},"end":{"line":29,"column":61}},"4":{"start":{"line":29,"column":39},"end":{"line":29,"column":60}},"5":{"start":{"line":30,"column":25},"end":{"line":32,"column":3}},"6":{"start":{"line":31,"column":4},"end":{"line":31,"column":41}},"7":{"start":{"line":34,"column":2},"end":{"line":65,"column":4}}},"fnMap":{"0":{"name":"(anonymous_0)","decl":{"start":{"line":28,"column":17},"end":{"line":28,"column":18}},"loc":{"start":{"line":28,"column":43},"end":{"line":66,"column":1}},"line":28},"1":{"name":"(anonymous_1)","decl":{"start":{"line":29,"column":28},"end":{"line":29,"column":29}},"loc":{"start":{"line":29,"column":39},"end":{"line":29,"column":60}},"line":29},"2":{"name":"(anonymous_2)","decl":{"start":{"line":30,"column":25},"end":{"line":30,"column":26}},"loc":{"start":{"line":30,"column":31},"end":{"line":32,"column":3}},"line":30}},"branchMap":{},"s":{"0":1,"1":1,"2":1,"3":2,"4":4,"5":2,"6":0,"7":2},"f":{"0":2,"1":4,"2":0},"b":{},"_coverageSchema":"1a1c01bbd47fc00a2c39e90264f33305004495a9","hash":"d6ee8248c3ec32a1375992c2e31c2c960c77b54b"}
,"/Users/734462/Desktop/Hustle/techAssessment/src/screens/ShowCase/styles.js": {"path":"/Users/734462/Desktop/Hustle/techAssessment/src/screens/ShowCase/styles.js","statementMap":{"0":{"start":{"line":4,"column":22},"end":{"line":66,"column":2}}},"fnMap":{},"branchMap":{},"s":{"0":1},"f":{},"b":{},"_coverageSchema":"1a1c01bbd47fc00a2c39e90264f33305004495a9","hash":"3b9cfb3d4ba4f233cfc138dfd06f87e919a232c3"}
,"/Users/734462/Desktop/Hustle/techAssessment/src/screens/WelcomePage/styles.js": {"path":"/Users/734462/Desktop/Hustle/techAssessment/src/screens/WelcomePage/styles.js","statementMap":{"0":{"start":{"line":8,"column":22},"end":{"line":48,"column":2}}},"fnMap":{},"branchMap":{},"s":{"0":1},"f":{},"b":{},"_coverageSchema":"1a1c01bbd47fc00a2c39e90264f33305004495a9","hash":"d2f9f723ef29dbf1541817af3185f1d9d8ab6ef4"}
,"/Users/734462/Desktop/Hustle/techAssessment/src/screens/WelcomePage/welcomePageComponent.js": {"path":"/Users/734462/Desktop/Hustle/techAssessment/src/screens/WelcomePage/welcomePageComponent.js","statementMap":{"0":{"start":{"line":24,"column":39},"end":{"line":24,"column":49}},"1":{"start":{"line":25,"column":4},"end":{"line":25,"column":89}},"2":{"start":{"line":25,"column":58},"end":{"line":25,"column":87}},"3":{"start":{"line":28,"column":21},"end":{"line":31,"column":3}},"4":{"start":{"line":29,"column":30},"end":{"line":29,"column":40}},"5":{"start":{"line":30,"column":4},"end":{"line":30,"column":24}},"6":{"start":{"line":34,"column":39},"end":{"line":34,"column":49}},"7":{"start":{"line":35,"column":4},"end":{"line":62,"column":6}},"8":{"start":{"line":55,"column":36},"end":{"line":55,"column":63}},"9":{"start":{"line":66,"column":24},"end":{"line":69,"column":1}},"10":{"start":{"line":67,"column":37},"end":{"line":67,"column":47}},"11":{"start":{"line":68,"column":2},"end":{"line":68,"column":36}},"12":{"start":{"line":71,"column":27},"end":{"line":73,"column":1}}},"fnMap":{"0":{"name":"(anonymous_0)","decl":{"start":{"line":23,"column":2},"end":{"line":23,"column":3}},"loc":{"start":{"line":23,"column":22},"end":{"line":26,"column":3}},"line":23},"1":{"name":"(anonymous_1)","decl":{"start":{"line":25,"column":42},"end":{"line":25,"column":43}},"loc":{"start":{"line":25,"column":58},"end":{"line":25,"column":87}},"line":25},"2":{"name":"(anonymous_2)","decl":{"start":{"line":28,"column":21},"end":{"line":28,"column":22}},"loc":{"start":{"line":28,"column":39},"end":{"line":31,"column":3}},"line":28},"3":{"name":"(anonymous_3)","decl":{"start":{"line":33,"column":2},"end":{"line":33,"column":3}},"loc":{"start":{"line":33,"column":23},"end":{"line":63,"column":3}},"line":33},"4":{"name":"(anonymous_4)","decl":{"start":{"line":55,"column":26},"end":{"line":55,"column":27}},"loc":{"start":{"line":55,"column":36},"end":{"line":55,"column":63}},"line":55},"5":{"name":"(anonymous_5)","decl":{"start":{"line":66,"column":24},"end":{"line":66,"column":25}},"loc":{"start":{"line":66,"column":35},"end":{"line":69,"column":1}},"line":66}},"branchMap":{},"s":{"0":2,"1":2,"2":0,"3":2,"4":1,"5":1,"6":2,"7":2,"8":0,"9":1,"10":0,"11":0,"12":1},"f":{"0":2,"1":0,"2":1,"3":2,"4":0,"5":0},"b":{},"_coverageSchema":"1a1c01bbd47fc00a2c39e90264f33305004495a9","hash":"cbf4e62eadf7484e992dcc24049960a927284451"}
,"/Users/734462/Desktop/Hustle/techAssessment/src/store/actions/index.js": {"path":"/Users/734462/Desktop/Hustle/techAssessment/src/store/actions/index.js","statementMap":{},"fnMap":{},"branchMap":{},"s":{},"f":{},"b":{},"_coverageSchema":"1a1c01bbd47fc00a2c39e90264f33305004495a9","hash":"6b38e550bab930cd02a3c9c822d82022b583f9af"}
,"/Users/734462/Desktop/Hustle/techAssessment/src/store/actions/mainActions.js": {"path":"/Users/734462/Desktop/Hustle/techAssessment/src/store/actions/mainActions.js","statementMap":{"0":{"start":{"line":7,"column":22},"end":{"line":10,"column":2}},"1":{"start":{"line":7,"column":47},"end":{"line":10,"column":1}},"2":{"start":{"line":12,"column":31},"end":{"line":15,"column":2}},"3":{"start":{"line":12,"column":56},"end":{"line":15,"column":1}}},"fnMap":{"0":{"name":"(anonymous_0)","decl":{"start":{"line":7,"column":22},"end":{"line":7,"column":23}},"loc":{"start":{"line":7,"column":47},"end":{"line":10,"column":1}},"line":7},"1":{"name":"(anonymous_1)","decl":{"start":{"line":12,"column":31},"end":{"line":12,"column":32}},"loc":{"start":{"line":12,"column":56},"end":{"line":15,"column":1}},"line":12}},"branchMap":{},"s":{"0":1,"1":3,"2":1,"3":0},"f":{"0":3,"1":0},"b":{},"_coverageSchema":"1a1c01bbd47fc00a2c39e90264f33305004495a9","hash":"9c54340f63e46c707fd637468afcdbea6dc72b39"}
,"/Users/734462/Desktop/Hustle/techAssessment/src/store/reducers/reducer.js": {"path":"/Users/734462/Desktop/Hustle/techAssessment/src/store/reducers/reducer.js","statementMap":{"0":{"start":{"line":9,"column":22},"end":{"line":12,"column":1}},"1":{"start":{"line":14,"column":20},"end":{"line":29,"column":1}},"2":{"start":{"line":15,"column":2},"end":{"line":28,"column":3}},"3":{"start":{"line":17,"column":6},"end":{"line":20,"column":8}},"4":{"start":{"line":22,"column":6},"end":{"line":25,"column":8}},"5":{"start":{"line":27,"column":6},"end":{"line":27,"column":19}}},"fnMap":{"0":{"name":"(anonymous_0)","decl":{"start":{"line":14,"column":20},"end":{"line":14,"column":21}},"loc":{"start":{"line":14,"column":55},"end":{"line":29,"column":1}},"line":14}},"branchMap":{"0":{"loc":{"start":{"line":14,"column":21},"end":{"line":14,"column":42}},"type":"default-arg","locations":[{"start":{"line":14,"column":29},"end":{"line":14,"column":42}}],"line":14},"1":{"loc":{"start":{"line":15,"column":2},"end":{"line":28,"column":3}},"type":"switch","locations":[{"start":{"line":16,"column":4},"end":{"line":20,"column":8}},{"start":{"line":21,"column":4},"end":{"line":25,"column":8}},{"start":{"line":26,"column":4},"end":{"line":27,"column":19}}],"line":15}},"s":{"0":1,"1":1,"2":3,"3":1,"4":0,"5":2},"f":{"0":3},"b":{"0":[3],"1":[1,0,2]},"_coverageSchema":"1a1c01bbd47fc00a2c39e90264f33305004495a9","hash":"273172ec932c745f0568574f8644daacfa332177"}
,"/Users/734462/Desktop/Hustle/techAssessment/src/utils/commonFunctions/functionUtilities.js": {"path":"/Users/734462/Desktop/Hustle/techAssessment/src/utils/commonFunctions/functionUtilities.js","statementMap":{"0":{"start":{"line":5,"column":22},"end":{"line":9,"column":1}},"1":{"start":{"line":7,"column":25},"end":{"line":7,"column":55}},"2":{"start":{"line":8,"column":2},"end":{"line":8,"column":24}},"3":{"start":{"line":11,"column":21},"end":{"line":14,"column":1}},"4":{"start":{"line":12,"column":24},"end":{"line":12,"column":50}},"5":{"start":{"line":13,"column":2},"end":{"line":13,"column":23}},"6":{"start":{"line":16,"column":19},"end":{"line":18,"column":1}},"7":{"start":{"line":17,"column":2},"end":{"line":17,"column":21}}},"fnMap":{"0":{"name":"(anonymous_0)","decl":{"start":{"line":5,"column":22},"end":{"line":5,"column":23}},"loc":{"start":{"line":6,"column":47},"end":{"line":9,"column":1}},"line":6},"1":{"name":"(anonymous_1)","decl":{"start":{"line":11,"column":21},"end":{"line":11,"column":22}},"loc":{"start":{"line":11,"column":75},"end":{"line":14,"column":1}},"line":11},"2":{"name":"(anonymous_2)","decl":{"start":{"line":16,"column":19},"end":{"line":16,"column":20}},"loc":{"start":{"line":17,"column":2},"end":{"line":17,"column":21}},"line":17}},"branchMap":{},"s":{"0":1,"1":1,"2":1,"3":1,"4":1,"5":1,"6":1,"7":3},"f":{"0":1,"1":1,"2":3},"b":{},"_coverageSchema":"1a1c01bbd47fc00a2c39e90264f33305004495a9","hash":"57dc9f841f6739fce708df49d1c5f4f4f763adc2"}
,"/Users/734462/Desktop/Hustle/techAssessment/src/utils/hoc/buttonHOCComponent.js": {"path":"/Users/734462/Desktop/Hustle/techAssessment/src/utils/hoc/buttonHOCComponent.js","statementMap":{"0":{"start":{"line":7,"column":36},"end":{"line":13,"column":1}},"1":{"start":{"line":9,"column":20},"end":{"line":11,"column":3}},"2":{"start":{"line":10,"column":4},"end":{"line":10,"column":78}},"3":{"start":{"line":12,"column":2},"end":{"line":12,"column":19}}},"fnMap":{"0":{"name":"(anonymous_0)","decl":{"start":{"line":7,"column":36},"end":{"line":7,"column":37}},"loc":{"start":{"line":8,"column":46},"end":{"line":13,"column":1}},"line":8},"1":{"name":"(anonymous_1)","decl":{"start":{"line":9,"column":20},"end":{"line":9,"column":21}},"loc":{"start":{"line":10,"column":4},"end":{"line":10,"column":78}},"line":10}},"branchMap":{},"s":{"0":1,"1":2,"2":4,"3":2},"f":{"0":2,"1":4},"b":{},"_coverageSchema":"1a1c01bbd47fc00a2c39e90264f33305004495a9","hash":"faa6f4e623c9f8f2d8133ca1d27218918dfd1fe1"}
}
