TN:
SF:src/constants/actionConstants.js
FNF:0
FNH:0
DA:5,1
DA:6,1
LF:2
LH:2
BRF:0
BRH:0
end_of_record
TN:
SF:src/constants/colorConstants.js
FNF:0
FNH:0
DA:6,7
DA:7,7
DA:8,7
DA:9,7
DA:10,7
DA:11,7
DA:12,7
DA:13,7
DA:14,7
DA:15,7
DA:16,7
LF:11
LH:11
BRF:0
BRH:0
end_of_record
TN:
SF:src/customComponent/GButtonComponent.js
FN:17,(anonymous_0)
FNF:1
FNH:1
FNDA:8,(anonymous_0)
DA:17,7
DA:18,8
DA:25,7
LF:3
LH:3
BRF:0
BRH:0
end_of_record
TN:
SF:src/customComponent/GNavigationButtonComponent.js
FN:22,(anonymous_0)
FN:25,(anonymous_1)
FNF:2
FNH:2
FNDA:13,(anonymous_0)
FNDA:1,(anonymous_1)
DA:22,7
DA:23,13
DA:25,1
DA:33,7
LF:4
LH:4
BRF:0
BRH:0
end_of_record
TN:
SF:src/customComponent/GSlidingButtonComponent.js
FN:34,(anonymous_0)
FN:35,(anonymous_1)
FN:36,(anonymous_2)
FN:62,(anonymous_3)
FN:77,(anonymous_4)
FN:84,(anonymous_5)
FNF:6
FNH:2
FNDA:0,(anonymous_0)
FNDA:0,(anonymous_1)
FNDA:0,(anonymous_2)
FNDA:0,(anonymous_3)
FNDA:4,(anonymous_4)
FNDA:4,(anonymous_5)
DA:25,4
DA:27,4
DA:29,4
DA:31,4
DA:33,4
DA:34,0
DA:35,0
DA:37,0
DA:38,0
DA:39,0
DA:44,0
DA:45,0
DA:50,0
DA:51,0
DA:53,0
DA:59,0
DA:60,0
DA:63,0
DA:64,0
DA:65,0
DA:71,0
DA:72,0
DA:73,0
DA:78,4
DA:79,4
DA:85,4
DA:86,4
DA:88,4
DA:118,7
LF:29
LH:11
BRDA:38,0,0,0
BRDA:38,0,1,0
BRDA:44,1,0,0
BRDA:44,1,1,0
BRDA:59,2,0,0
BRDA:59,2,1,0
BRDA:64,3,0,0
BRDA:64,3,1,0
BRDA:71,4,0,0
BRDA:71,4,1,0
BRDA:102,5,0,4
BRDA:102,5,1,0
BRF:12
BRH:1
end_of_record
TN:
SF:src/customComponent/GValidatorComponent.js
FN:19,(anonymous_0)
FNF:1
FNH:1
FNDA:3,(anonymous_0)
DA:19,7
DA:20,3
DA:32,7
LF:3
LH:3
BRF:0
BRH:0
end_of_record
TN:
SF:src/customComponent/index.js
FNF:0
FNH:0
LF:0
LH:0
BRF:0
BRH:0
end_of_record
TN:
SF:src/screens/MiddleStation/middleStationComponent.js
FN:14,(anonymous_0)
FN:15,(anonymous_1)
FNF:2
FNH:2
FNDA:1,(anonymous_0)
FNDA:2,(anonymous_1)
DA:14,1
DA:15,2
DA:16,1
LF:3
LH:3
BRF:0
BRH:0
end_of_record
TN:
SF:src/screens/MiddleStation/styles.js
FNF:0
FNH:0
DA:4,1
LF:1
LH:1
BRF:0
BRH:0
end_of_record
TN:
SF:src/screens/ShowCase/showCaseComponent.js
FN:28,(anonymous_0)
FN:29,(anonymous_1)
FN:30,(anonymous_2)
FNF:3
FNH:2
FNDA:2,(anonymous_0)
FNDA:4,(anonymous_1)
FNDA:0,(anonymous_2)
DA:17,1
DA:21,1
DA:28,1
DA:29,4
DA:30,2
DA:31,0
DA:34,2
LF:7
LH:6
BRF:0
BRH:0
end_of_record
TN:
SF:src/screens/ShowCase/styles.js
FNF:0
FNH:0
DA:4,1
LF:1
LH:1
BRF:0
BRH:0
end_of_record
TN:
SF:src/screens/WelcomePage/styles.js
FNF:0
FNH:0
DA:8,1
LF:1
LH:1
BRF:0
BRH:0
end_of_record
TN:
SF:src/screens/WelcomePage/welcomePageComponent.js
FN:23,(anonymous_0)
FN:25,(anonymous_1)
FN:28,(anonymous_2)
FN:33,(anonymous_3)
FN:55,(anonymous_4)
FN:66,(anonymous_5)
FNF:6
FNH:3
FNDA:2,(anonymous_0)
FNDA:0,(anonymous_1)
FNDA:1,(anonymous_2)
FNDA:2,(anonymous_3)
FNDA:0,(anonymous_4)
FNDA:0,(anonymous_5)
DA:24,2
DA:25,2
DA:28,2
DA:29,1
DA:30,1
DA:34,2
DA:35,2
DA:55,0
DA:66,1
DA:67,0
DA:68,0
DA:71,1
LF:12
LH:9
BRF:0
BRH:0
end_of_record
TN:
SF:src/store/actions/index.js
FNF:0
FNH:0
LF:0
LH:0
BRF:0
BRH:0
end_of_record
TN:
SF:src/store/actions/mainActions.js
FN:7,(anonymous_0)
FN:12,(anonymous_1)
FNF:2
FNH:1
FNDA:3,(anonymous_0)
FNDA:0,(anonymous_1)
DA:7,3
DA:12,1
LF:2
LH:2
BRF:0
BRH:0
end_of_record
TN:
SF:src/store/reducers/reducer.js
FN:14,(anonymous_0)
FNF:1
FNH:1
FNDA:3,(anonymous_0)
DA:9,1
DA:14,1
DA:15,3
DA:17,1
DA:22,0
DA:27,2
LF:6
LH:5
BRDA:14,0,0,3
BRDA:15,1,0,1
BRDA:15,1,1,0
BRDA:15,1,2,2
BRF:4
BRH:3
end_of_record
TN:
SF:src/utils/commonFunctions/functionUtilities.js
FN:5,(anonymous_0)
FN:11,(anonymous_1)
FN:16,(anonymous_2)
FNF:3
FNH:3
FNDA:1,(anonymous_0)
FNDA:1,(anonymous_1)
FNDA:3,(anonymous_2)
DA:5,1
DA:7,1
DA:8,1
DA:11,1
DA:12,1
DA:13,1
DA:16,1
DA:17,3
LF:8
LH:8
BRF:0
BRH:0
end_of_record
TN:
SF:src/utils/hoc/buttonHOCComponent.js
FN:7,(anonymous_0)
FN:9,(anonymous_1)
FNF:2
FNH:2
FNDA:2,(anonymous_0)
FNDA:4,(anonymous_1)
DA:7,1
DA:9,2
DA:10,4
DA:12,2
LF:4
LH:4
BRF:0
BRH:0
end_of_record
